<?xml version="1.0" encoding="UTF-8"?>
<beans:beans xmlns:beans="http://www.springframework.org/schema/beans"
             xmlns:xsi="http://www.w3.org/2001/XMLSchema-instance"
             xmlns:cp1="http://www.alibaba.com/schema/my/cp1"
             xmlns:cp2="http://www.alibaba.com/schema/my/cp2"
             xsi:schemaLocation="
                 http://www.alibaba.com/schema/my/cp1 http://localhost:8080/schema/my-cp1.xsd
                 http://www.alibaba.com/schema/my/cp2 http://localhost:8080/schema/my-cp2.xsd
                 http://www.springframework.org/schema/beans http://localhost:8080/schema/www.springframework.org/schema/beans/spring-beans.xsd
             ">

    <cp1:test1>
        <cp2:test3>
            <cp1:test1 />
        </cp2:test3>
        <cp2:test4>
            <cp1:test2 />
        </cp2:test4>
    </cp1:test1>

    <cp2:test3>
        <cp1:test1 />
    </cp2:test3>

</beans:beans>