<?xml version="1.0" encoding="UTF-8"?>
<beans:beans xmlns:beans="http://www.springframework.org/schema/beans"
             xmlns:xsi="http://www.w3.org/2001/XMLSchema-instance"
             xmlns:services="http://www.alibaba.com/schema/services"
             xmlns:res-loaders="http://www.alibaba.com/schema/services/resource-loading/loaders"
             xsi:schemaLocation="
                 http://www.alibaba.com/schema/services http://localhost:8080/schema/services.xsd
                 http://www.alibaba.com/schema/services/resource-loading/loaders http://localhost:8080/schema/services-resource-loading-loaders.xsd
                 http://www.springframework.org/schema/beans http://localhost:8080/schema/www.springframework.org/schema/beans/spring-beans.xsd
             ">

    <services:property-placeholder />

    <services:resource-loading>

        <resource-alias pattern="/" name="/srcdir" />

        <resource pattern="/srcdir">
            <res-loaders:file-loader basedir="${test.srcdir}" />
        </resource>

        <resource pattern="/destdir">
            <res-loaders:file-loader basedir="${test.destdir}" />
        </resource>

        <resource pattern="/classpath">
            <res-loaders:classpath-loader />
        </resource>

    </services:resource-loading>

</beans:beans>